# JRE version: OpenJDK Runtime Environment Temurin-17.0.3+7 (17.0.3+7) (build 17.0.3+7)
# Java VM: OpenJDK 64-Bit Server VM Temurin-17.0.3+7 (17.0.3+7, mixed mode, emulated-client, tiered, compressed oops, compressed class ptrs, g1 gc, windows-amd64)
GC Precious Log:
 CPUs: 4 total, 4 available
 Memory: 3836M
 Large Page Support: Disabled
 NUMA Support: Disabled
 Compressed Oops: Enabled (32-bit)
 Heap Region Size: 1M
 Heap Min Capacity: 8M
 Heap Initial Capacity: 60M
 Heap Max Capacity: 960M
 Pre-touch: Disabled
 Parallel Workers: 4
 Concurrent Workers: 1
 Concurrent Refinement Workers: 4
 Periodic GC: Disabled
Heap:
 garbage-first heap   total 59392K, used 35452K [0x00000000c4000000, 0x0000000100000000)
  region size 1024K, 7 young (7168K), 2 survivors (2048K)
 Metaspace       used 68912K, committed 69312K, reserved 1114112K
  class space    used 9206K, committed 9408K, reserved 1048576K
GC Heap History (20 events):
Event: 6.338 GC heap before
{Heap before GC invocations=13 (full 0):
 garbage-first heap   total 49152K, used 36521K [0x00000000c4000000, 0x0000000100000000)
  region size 1024K, 19 young (19456K), 1 survivors (1024K)
 Metaspace       used 38173K, committed 38528K, reserved 1089536K
  class space    used 4886K, committed 5056K, reserved 1048576K
}
Event: 6.343 GC heap after
{Heap after GC invocations=14 (full 0):
 garbage-first heap   total 49152K, used 19121K [0x00000000c4000000, 0x0000000100000000)
  region size 1024K, 2 young (2048K), 2 survivors (2048K)
 Metaspace       used 38173K, committed 38528K, reserved 1089536K
  class space    used 4886K, committed 5056K, reserved 1048576K
}
Event: 6.737 GC heap before
{Heap before GC invocations=14 (full 0):
 garbage-first heap   total 49152K, used 35505K [0x00000000c4000000, 0x0000000100000000)
  region size 1024K, 19 young (19456K), 2 survivors (2048K)
 Metaspace       used 42136K, committed 42496K, reserved 1089536K
  class space    used 5445K, committed 5632K, reserved 1048576K
}
Event: 6.741 GC heap after
{Heap after GC invocations=15 (full 0):
 garbage-first heap   total 49152K, used 20205K [0x00000000c4000000, 0x0000000100000000)
  region size 1024K, 3 young (3072K), 3 survivors (3072K)
 Metaspace       used 42136K, committed 42496K, reserved 1089536K
  class space    used 5445K, committed 5632K, reserved 1048576K
}
Event: 7.103 GC heap before
{Heap before GC invocations=15 (full 0):
 garbage-first heap   total 49152K, used 35565K [0x00000000c4000000, 0x0000000100000000)
  region size 1024K, 19 young (19456K), 3 survivors (3072K)
 Metaspace       used 46750K, committed 47104K, reserved 1097728K
  class space    used 6162K, committed 6336K, reserved 1048576K
}
Event: 7.106 GC heap after
{Heap after GC invocations=16 (full 0):
 garbage-first heap   total 49152K, used 21221K [0x00000000c4000000, 0x0000000100000000)
  region size 1024K, 3 young (3072K), 3 survivors (3072K)
 Metaspace       used 46750K, committed 47104K, reserved 1097728K
  class space    used 6162K, committed 6336K, reserved 1048576K
}
Event: 7.441 GC heap before
{Heap before GC invocations=16 (full 0):
 garbage-first heap   total 49152K, used 36581K [0x00000000c4000000, 0x0000000100000000)
  region size 1024K, 19 young (19456K), 3 survivors (3072K)
 Metaspace       used 51031K, committed 51392K, reserved 1097728K
  class space    used 6800K, committed 6976K, reserved 1048576K
}
Event: 7.445 GC heap after
{Heap after GC invocations=17 (full 0):
 garbage-first heap   total 59392K, used 23119K [0x00000000c4000000, 0x0000000100000000)
  region size 1024K, 3 young (3072K), 3 survivors (3072K)
 Metaspace       used 51031K, committed 51392K, reserved 1097728K
  class space    used 6800K, committed 6976K, reserved 1048576K
}
Event: 7.999 GC heap before
{Heap before GC invocations=17 (full 0):
 garbage-first heap   total 59392K, used 45647K [0x00000000c4000000, 0x0000000100000000)
  region size 1024K, 25 young (25600K), 3 survivors (3072K)
 Metaspace       used 56260K, committed 56704K, reserved 1097728K
  class space    used 7650K, committed 7872K, reserved 1048576K
}
Event: 8.003 GC heap after
{Heap after GC invocations=18 (full 0):
 garbage-first heap   total 59392K, used 24358K [0x00000000c4000000, 0x0000000100000000)
  region size 1024K, 3 young (3072K), 3 survivors (3072K)
 Metaspace       used 56260K, committed 56704K, reserved 1097728K
  class space    used 7650K, committed 7872K, reserved 1048576K
}
Event: 8.366 GC heap before
{Heap before GC invocations=18 (full 0):
 garbage-first heap   total 59392K, used 45862K [0x00000000c4000000, 0x0000000100000000)
  region size 1024K, 25 young (25600K), 3 survivors (3072K)
 Metaspace       used 59054K, committed 59456K, reserved 1105920K
  class space    used 8049K, committed 8256K, reserved 1048576K
}
Event: 8.370 GC heap after
{Heap after GC invocations=19 (full 0):
 garbage-first heap   total 59392K, used 26314K [0x00000000c4000000, 0x0000000100000000)
  region size 1024K, 3 young (3072K), 3 survivors (3072K)
 Metaspace       used 59054K, committed 59456K, reserved 1105920K
  class space    used 8049K, committed 8256K, reserved 1048576K
}
Event: 8.473 GC heap before
{Heap before GC invocations=19 (full 0):
 garbage-first heap   total 59392K, used 33482K [0x00000000c4000000, 0x0000000100000000)
  region size 1024K, 11 young (11264K), 3 survivors (3072K)
 Metaspace       used 60051K, committed 60416K, reserved 1105920K
  class space    used 8186K, committed 8384K, reserved 1048576K
}
Event: 8.480 GC heap after
{Heap after GC invocations=20 (full 0):
 garbage-first heap   total 59392K, used 26782K [0x00000000c4000000, 0x0000000100000000)
  region size 1024K, 1 young (1024K), 1 survivors (1024K)
 Metaspace       used 60051K, committed 60416K, reserved 1105920K
  class space    used 8186K, committed 8384K, reserved 1048576K
}
Event: 8.889 GC heap before
{Heap before GC invocations=21 (full 0):
 garbage-first heap   total 59392K, used 47262K [0x00000000c4000000, 0x0000000100000000)
  region size 1024K, 21 young (21504K), 1 survivors (1024K)
 Metaspace       used 61739K, committed 62080K, reserved 1105920K
  class space    used 8472K, committed 8640K, reserved 1048576K
}
Event: 8.893 GC heap after
{Heap after GC invocations=22 (full 0):
 garbage-first heap   total 59392K, used 28488K [0x00000000c4000000, 0x0000000100000000)
  region size 1024K, 3 young (3072K), 3 survivors (3072K)
 Metaspace       used 61739K, committed 62080K, reserved 1105920K
  class space    used 8472K, committed 8640K, reserved 1048576K
}
Event: 9.302 GC heap before
{Heap before GC invocations=22 (full 0):
 garbage-first heap   total 59392K, used 46920K [0x00000000c4000000, 0x0000000100000000)
  region size 1024K, 21 young (21504K), 3 survivors (3072K)
 Metaspace       used 63142K, committed 63552K, reserved 1105920K
  class space    used 8723K, committed 8896K, reserved 1048576K
}
Event: 9.307 GC heap after
{Heap after GC invocations=23 (full 0):
 garbage-first heap   total 59392K, used 30103K [0x00000000c4000000, 0x0000000100000000)
  region size 1024K, 2 young (2048K), 2 survivors (2048K)
 Metaspace       used 63142K, committed 63552K, reserved 1105920K
  class space    used 8723K, committed 8896K, reserved 1048576K
}
Event: 9.713 GC heap before
{Heap before GC invocations=24 (full 0):
 garbage-first heap   total 59392K, used 46487K [0x00000000c4000000, 0x0000000100000000)
  region size 1024K, 19 young (19456K), 2 survivors (2048K)
 Metaspace       used 67583K, committed 68032K, reserved 1114112K
  class space    used 9108K, committed 9344K, reserved 1048576K
}
Event: 9.716 GC heap after
{Heap after GC invocations=25 (full 0):
 garbage-first heap   total 59392K, used 31356K [0x00000000c4000000, 0x0000000100000000)
  region size 1024K, 2 young (2048K), 2 survivors (2048K)
 Metaspace       used 67583K, committed 68032K, reserved 1114112K
  class space    used 9108K, committed 9344K, reserved 1048576K
}

